[2025-08-14 18:56:53Z INFO HostContext] No proxy settings were found based on environmental variables (http_proxy/https_proxy/HTTP_PROXY/HTTPS_PROXY)
[2025-08-14 18:56:53Z INFO HostContext] Well known directory 'Bin': 'C:\Users\brothers gadget\Desktop\finch-frontend-main\actions-runner\bin'
[2025-08-14 18:56:53Z INFO HostContext] Well known directory 'Root': 'C:\Users\brothers gadget\Desktop\finch-frontend-main\actions-runner'
[2025-08-14 18:56:53Z INFO HostContext] Well known config file 'Credentials': 'C:\Users\brothers gadget\Desktop\finch-frontend-main\actions-runner\.credentials'
[2025-08-14 18:56:53Z INFO HostContext] Well known directory 'Bin': 'C:\Users\brothers gadget\Desktop\finch-frontend-main\actions-runner\bin'
[2025-08-14 18:56:53Z INFO HostContext] Well known directory 'Root': 'C:\Users\brothers gadget\Desktop\finch-frontend-main\actions-runner'
[2025-08-14 18:56:53Z INFO HostContext] Well known config file 'Runner': 'C:\Users\brothers gadget\Desktop\finch-frontend-main\actions-runner\.runner'
[2025-08-14 18:56:53Z INFO Worker] Version: 2.327.1
[2025-08-14 18:56:53Z INFO Worker] Commit: 9513afd82fbc900d13362cdd4fcdab0538f5124e
[2025-08-14 18:56:53Z INFO Worker] Culture: en-US
[2025-08-14 18:56:53Z INFO Worker] UI Culture: en-US
[2025-08-14 18:56:53Z INFO Worker] Waiting to receive the job message from the channel.
[2025-08-14 18:56:53Z INFO ProcessChannel] Receiving message of length 19504, with hash '3ff9ca2921588ac8d4f324c62def8877b0d233b6bfb5dc2962069758d9762850'
[2025-08-14 18:56:53Z INFO Worker] Message received.
[2025-08-14 18:56:54Z INFO Worker] Job message:
 {
  "fileTable": [
    ".github/workflows/deploy.yml"
  ],
  "mask": [
    {
      "type": "regex",
      "value": "***"
    },
    {
      "type": "regex",
      "value": "***"
    },
    {
      "type": "regex",
      "value": "***"
    },
    {
      "type": "regex",
      "value": "***"
    },
    {
      "type": "regex",
      "value": "***"
    },
    {
      "type": "regex",
      "value": "***"
    },
    {
      "type": "regex",
      "value": "***"
    },
    {
      "type": "regex",
      "value": "***"
    },
    {
      "type": "regex",
      "value": "***"
    },
    {
      "type": "regex",
      "value": "***"
    },
    {
      "type": "regex",
      "value": "***"
    },
    {
      "type": "regex",
      "value": "***"
    },
    {
      "type": "regex",
      "value": "***"
    },
    {
      "type": "regex",
      "value": "***"
    },
    {
      "type": "regex",
      "value": "***"
    },
    {
      "type": "regex",
      "value": "***"
    },
    {
      "type": "regex",
      "value": "***"
    },
    {
      "type": "regex",
      "value": "***"
    }
  ],
  "steps": [
    {
      "type": "action",
      "reference": {
        "type": "script"
      },
      "displayNameToken": {
        "type": 0,
        "file": 1,
        "line": 13,
        "col": 15,
        "lit": "Set up Docker Compose"
      },
      "contextName": "__run",
      "inputs": {
        "type": 2,
        "map": [
          {
            "key": "script",
            "value": {
              "type": 0,
              "file": 1,
              "line": 14,
              "col": 14,
              "lit": "docker-compose --version\n"
            }
          }
        ]
      },
      "condition": "success()",
      "id": "3cb213e6-1705-4d8e-b825-4a4709a7687e",
      "name": "__run"
    },
    {
      "type": "action",
      "reference": {
        "type": "script"
      },
      "displayNameToken": {
        "type": 0,
        "file": 1,
        "line": 16,
        "col": 15,
        "lit": "Checking out code"
      },
      "contextName": "__run_2",
      "inputs": {
        "type": 2,
        "map": [
          {
            "key": "script",
            "value": {
              "type": 0,
              "file": 1,
              "line": 17,
              "col": 14,
              "lit": "cd /home/ubuntu/finch/finch-frontend\ngit stash\ngit fetch\ngit checkout dev\ngit pull origin dev\ncd ..\n# Build and start the containers\ndocker-compose up -d --build\n\n# Remove unused images\ndocker image prune -f\ndocker ps\n"
            }
          }
        ]
      },
      "condition": "success()",
      "id": "c33676a2-2992-4006-88d0-527301964ff9",
      "name": "__run_2"
    }
  ],
  "variables": {
    "Actions.EnableHttpRedirects": {
      "value": "true"
    },
    "DistributedTask.AddWarningToNode12Action": {
      "value": "true"
    },
    "DistributedTask.AddWarningToNode16Action": {
      "value": "true"
    },
    "DistributedTask.AllowRunnerContainerHooks": {
      "value": "true"
    },
    "DistributedTask.DeprecateStepOutputCommands": {
      "value": "true"
    },
    "DistributedTask.DetailUntarFailure": {
      "value": "true"
    },
    "DistributedTask.EnableCompositeActions": {
      "value": "true"
    },
    "DistributedTask.EnableJobServerQueueTelemetry": {
      "value": "true"
    },
    "DistributedTask.EnhancedAnnotations": {
      "value": "true"
    },
    "DistributedTask.ForceGithubJavascriptActionsToNode16": {
      "value": "true"
    },
    "DistributedTask.ForceGithubJavascriptActionsToNode20": {
      "value": "true"
    },
    "DistributedTask.LogTemplateErrorsAsDebugMessages": {
      "value": "true"
    },
    "DistributedTask.MarkJobAsFailedOnWorkerCrash": {
      "value": "true"
    },
    "DistributedTask.NewActionMetadata": {
      "value": "true"
    },
    "DistributedTask.UploadStepSummary": {
      "value": "true"
    },
    "DistributedTask.UseActionArchiveCache": {
      "value": "true"
    },
    "DistributedTask.UseWhich2": {
      "value": "true"
    },
    "RunService.FixEmbeddedIssues": {
      "value": "true"
    },
    "actions_add_check_run_id_to_job_context": {
      "value": "false"
    },
    "actions_display_helpful_actions_download_errors": {
      "value": "true"
    },
    "actions_skip_retry_complete_job_upon_known_errors": {
      "value": "true"
    },
    "actions_uses_cache_service_v2": {
      "value": "true"
    },
    "github_token": {
      "value": "***",
      "isSecret": true
    },
    "system.from_run_service": {
      "value": "true"
    },
    "system.github.job": {
      "value": "deploy"
    },
    "system.github.launch_endpoint": {
      "value": "https://launch.actions.githubusercontent.com"
    },
    "system.github.results_endpoint": {
      "value": "https://results-receiver.actions.githubusercontent.com/"
    },
    "system.github.results_upload_with_sdk": {
      "value": "true"
    },
    "system.github.token": {
      "value": "***",
      "isSecret": true
    },
    "system.github.token.permissions": {
      "value": "{\"Contents\":\"read\",\"Metadata\":\"read\",\"Packages\":\"read\"}"
    },
    "system.orchestrationId": {
      "value": "dfa459d0-4acd-47f3-98cd-8f7999a75897.deploy.__default"
    },
    "system.phaseDisplayName": {
      "value": "deploy"
    },
    "system.runner.lowdiskspacethreshold": {
      "value": "100"
    },
    "system.runnerEnvironment": {
      "value": "self-hosted"
    },
    "system.runnerGroupName": {
      "value": "Default"
    }
  },
  "messageType": "RunnerJobRequest",
  "plan": {
    "scopeIdentifier": "00000000-0000-0000-0000-000000000000",
    "planType": "actions",
    "version": 0,
    "planId": "dfa459d0-4acd-47f3-98cd-8f7999a75897",
    "planGroup": null,
    "artifactUri": null,
    "artifactLocation": null,
    "definition": null,
    "owner": null
  },
  "timeline": {
    "id": "dfa459d0-4acd-47f3-98cd-8f7999a75897",
    "changeId": 0,
    "location": null
  },
  "jobId": "4be5abba-52aa-5721-9ba3-f0e6e74c4771",
  "jobDisplayName": "deploy",
  "jobName": "__default",
  "requestId": 0,
  "lockedUntil": "0001-01-01T00:00:00",
  "resources": {
    "endpoints": [
      {
        "data": {
          "ServerId": "",
          "ServerName": "",
          "CacheServerUrl": "https://artifactcache.actions.githubusercontent.com/rI0sb52q8LZQioKnkoxwKSxRaEoIpEU912XsaLYWqi8XbwKtUK/",
          "FeedStreamUrl": "wss://results-receiver.actions.githubusercontent.com/_ws/ingest.sock",
          "ResultsServiceUrl": "https://results-receiver.actions.githubusercontent.com/",
          "PipelinesServiceUrl": "https://pipelinesghubeus25.actions.githubusercontent.com/rI0sb52q8LZQioKnkoxwKSxRaEoIpEU912XsaLYWqi8XbwKtUK/",
          "GenerateIdTokenUrl": ""
        },
        "name": "SystemVssConnection",
        "url": "https://run-actions-1-azure-eastus.actions.githubusercontent.com/136/",
        "authorization": {
          "parameters": {
            "AccessToken": "***"
          },
          "scheme": "OAuth"
        },
        "isShared": false,
        "isReady": true
      }
    ]
  },
  "contextData": {
    "github": {
      "t": 2,
      "d": [
        {
          "k": "ref",
          "v": "refs/heads/dev"
        },
        {
          "k": "sha",
          "v": "d97fa9345544154ecf6bb344abfdca8667f05961"
        },
        {
          "k": "repository",
          "v": "Ponkoog-roy/finch-frontend-main"
        },
        {
          "k": "repository_owner",
          "v": "Ponkoog-roy"
        },
        {
          "k": "repository_owner_id",
          "v": "126132052"
        },
        {
          "k": "repositoryUrl",
          "v": "git://github.com/Ponkoog-roy/finch-frontend-main.git"
        },
        {
          "k": "run_id",
          "v": "16974081939"
        },
        {
          "k": "run_number",
          "v": "1"
        },
        {
          "k": "retention_days",
          "v": "90"
        },
        {
          "k": "run_attempt",
          "v": "1"
        },
        {
          "k": "artifact_cache_size_limit",
          "v": "10"
        },
        {
          "k": "repository_visibility",
          "v": "public"
        },
        {
          "k": "actor_id",
          "v": "126132052"
        },
        {
          "k": "actor",
          "v": "Ponkoog-roy"
        },
        {
          "k": "workflow",
          "v": "Deploy Docker Compose App"
        },
        {
          "k": "head_ref",
          "v": ""
        },
        {
          "k": "base_ref",
          "v": ""
        },
        {
          "k": "event_name",
          "v": "push"
        },
        {
          "k": "server_url",
          "v": "https://github.com"
        },
        {
          "k": "api_url",
          "v": "https://api.github.com"
        },
        {
          "k": "graphql_url",
          "v": "https://api.github.com/graphql"
        },
        {
          "k": "ref_name",
          "v": "dev"
        },
        {
          "k": "ref_protected",
          "v": false
        },
        {
          "k": "ref_type",
          "v": "branch"
        },
        {
          "k": "secret_source",
          "v": "Actions"
        },
        {
          "k": "event",
          "v": {
            "t": 2,
            "d": [
              {
                "k": "after",
                "v": "d97fa9345544154ecf6bb344abfdca8667f05961"
              },
              {
                "k": "base_ref",
                "v": null
              },
              {
                "k": "before",
                "v": "0000000000000000000000000000000000000000"
              },
              {
                "k": "commits",
                "v": {
                  "t": 1,
                  "a": [
                    {
                      "t": 2,
                      "d": [
                        {
                          "k": "author",
                          "v": {
                            "t": 2,
                            "d": [
                              {
                                "k": "email",
                                "v": "126132052+Ponkoog-roy@users.noreply.github.com"
                              },
                              {
                                "k": "name",
                                "v": "Ponkoog-roy"
                              },
                              {
                                "k": "username",
                                "v": "Ponkoog-roy"
                              }
                            ]
                          }
                        },
                        {
                          "k": "committer",
                          "v": {
                            "t": 2,
                            "d": [
                              {
                                "k": "email",
                                "v": "126132052+Ponkoog-roy@users.noreply.github.com"
                              },
                              {
                                "k": "name",
                                "v": "Ponkoog-roy"
                              },
                              {
                                "k": "username",
                                "v": "Ponkoog-roy"
                              }
                            ]
                          }
                        },
                        {
                          "k": "distinct",
                          "v": true
                        },
                        {
                          "k": "id",
                          "v": "d97fa9345544154ecf6bb344abfdca8667f05961"
                        },
                        {
                          "k": "message",
                          "v": "edit yml file"
                        },
                        {
                          "k": "timestamp",
                          "v": "2025-08-15T00:55:09+06:00"
                        },
                        {
                          "k": "tree_id",
                          "v": "aee640883d7027e5e35d8700c1f729dc235bc15a"
                        },
                        {
                          "k": "url",
                          "v": "https://github.com/Ponkoog-roy/finch-frontend-main/commit/d97fa9345544154ecf6bb344abfdca8667f05961"
                        }
                      ]
                    }
                  ]
                }
              },
              {
                "k": "compare",
                "v": "https://github.com/Ponkoog-roy/finch-frontend-main/commit/d97fa9345544"
              },
              {
                "k": "created",
                "v": true
              },
              {
                "k": "deleted",
                "v": false
              },
              {
                "k": "forced",
                "v": false
              },
              {
                "k": "head_commit",
                "v": {
                  "t": 2,
                  "d": [
                    {
                      "k": "author",
                      "v": {
                        "t": 2,
                        "d": [
                          {
                            "k": "email",
                            "v": "126132052+Ponkoog-roy@users.noreply.github.com"
                          },
                          {
                            "k": "name",
                            "v": "Ponkoog-roy"
                          },
                          {
                            "k": "username",
                            "v": "Ponkoog-roy"
                          }
                        ]
                      }
                    },
                    {
                      "k": "committer",
                      "v": {
                        "t": 2,
                        "d": [
                          {
                            "k": "email",
                            "v": "126132052+Ponkoog-roy@users.noreply.github.com"
                          },
                          {
                            "k": "name",
                            "v": "Ponkoog-roy"
                          },
                          {
                            "k": "username",
                            "v": "Ponkoog-roy"
                          }
                        ]
                      }
                    },
                    {
                      "k": "distinct",
                      "v": true
                    },
                    {
                      "k": "id",
                      "v": "d97fa9345544154ecf6bb344abfdca8667f05961"
                    },
                    {
                      "k": "message",
                      "v": "edit yml file"
                    },
                    {
                      "k": "timestamp",
                      "v": "2025-08-15T00:55:09+06:00"
                    },
                    {
                      "k": "tree_id",
                      "v": "aee640883d7027e5e35d8700c1f729dc235bc15a"
                    },
                    {
                      "k": "url",
                      "v": "https://github.com/Ponkoog-roy/finch-frontend-main/commit/d97fa9345544154ecf6bb344abfdca8667f05961"
                    }
                  ]
                }
              },
              {
                "k": "pusher",
                "v": {
                  "t": 2,
                  "d": [
                    {
                      "k": "email",
                      "v": "126132052+Ponkoog-roy@users.noreply.github.com"
                    },
                    {
                      "k": "name",
                      "v": "Ponkoog-roy"
                    }
                  ]
                }
              },
              {
                "k": "ref",
                "v": "refs/heads/dev"
              },
              {
                "k": "repository",
                "v": {
                  "t": 2,
                  "d": [
                    {
                      "k": "allow_forking",
                      "v": true
                    },
                    {
                      "k": "archive_url",
                      "v": "https://api.github.com/repos/Ponkoog-roy/finch-frontend-main/{archive_format}{/ref}"
                    },
                    {
                      "k": "archived",
                      "v": false
                    },
                    {
                      "k": "assignees_url",
                      "v": "https://api.github.com/repos/Ponkoog-roy/finch-frontend-main/assignees{/user}"
                    },
                    {
                      "k": "blobs_url",
                      "v": "https://api.github.com/repos/Ponkoog-roy/finch-frontend-main/git/blobs{/sha}"
                    },
                    {
                      "k": "branches_url",
                      "v": "https://api.github.com/repos/Ponkoog-roy/finch-frontend-main/branches{/branch}"
                    },
                    {
                      "k": "clone_url",
                      "v": "https://github.com/Ponkoog-roy/finch-frontend-main.git"
                    },
                    {
                      "k": "collaborators_url",
                      "v": "https://api.github.com/repos/Ponkoog-roy/finch-frontend-main/collaborators{/collaborator}"
                    },
                    {
                      "k": "comments_url",
                      "v": "https://api.github.com/repos/Ponkoog-roy/finch-frontend-main/comments{/number}"
                    },
                    {
                      "k": "commits_url",
                      "v": "https://api.github.com/repos/Ponkoog-roy/finch-frontend-main/commits{/sha}"
                    },
                    {
                      "k": "compare_url",
                      "v": "https://api.github.com/repos/Ponkoog-roy/finch-frontend-main/compare/{base}...{head}"
                    },
                    {
                      "k": "contents_url",
                      "v": "https://api.github.com/repos/Ponkoog-roy/finch-frontend-main/contents/{+path}"
                    },
                    {
                      "k": "contributors_url",
                      "v": "https://api.github.com/repos/Ponkoog-roy/finch-frontend-main/contributors"
                    },
                    {
                      "k": "created_at",
                      "v": 1755183829.0
                    },
                    {
                      "k": "default_branch",
                      "v": "main"
                    },
                    {
                      "k": "deployments_url",
                      "v": "https://api.github.com/repos/Ponkoog-roy/finch-frontend-main/deployments"
                    },
                    {
                      "k": "description",
                      "v": "practies- ostad"
                    },
                    {
                      "k": "disabled",
                      "v": false
                    },
                    {
                      "k": "downloads_url",
                      "v": "https://api.github.com/repos/Ponkoog-roy/finch-frontend-main/downloads"
                    },
                    {
                      "k": "events_url",
                      "v": "https://api.github.com/repos/Ponkoog-roy/finch-frontend-main/events"
                    },
                    {
                      "k": "fork",
                      "v": false
                    },
                    {
                      "k": "forks",
                      "v": 0.0
                    },
                    {
                      "k": "forks_count",
                      "v": 0.0
                    },
                    {
                      "k": "forks_url",
                      "v": "https://api.github.com/repos/Ponkoog-roy/finch-frontend-main/forks"
                    },
                    {
                      "k": "full_name",
                      "v": "Ponkoog-roy/finch-frontend-main"
                    },
                    {
                      "k": "git_commits_url",
                      "v": "https://api.github.com/repos/Ponkoog-roy/finch-frontend-main/git/commits{/sha}"
                    },
                    {
                      "k": "git_refs_url",
                      "v": "https://api.github.com/repos/Ponkoog-roy/finch-frontend-main/git/refs{/sha}"
                    },
                    {
                      "k": "git_tags_url",
                      "v": "https://api.github.com/repos/Ponkoog-roy/finch-frontend-main/git/tags{/sha}"
                    },
                    {
                      "k": "git_url",
                      "v": "git://github.com/Ponkoog-roy/finch-frontend-main.git"
                    },
                    {
                      "k": "has_discussions",
                      "v": false
                    },
                    {
                      "k": "has_downloads",
                      "v": true
                    },
                    {
                      "k": "has_issues",
                      "v": true
                    },
                    {
                      "k": "has_pages",
                      "v": false
                    },
                    {
                      "k": "has_projects",
                      "v": true
                    },
                    {
                      "k": "has_wiki",
                      "v": true
                    },
                    {
                      "k": "homepage",
                      "v": null
                    },
                    {
                      "k": "hooks_url",
                      "v": "https://api.github.com/repos/Ponkoog-roy/finch-frontend-main/hooks"
                    },
                    {
                      "k": "html_url",
                      "v": "https://github.com/Ponkoog-roy/finch-frontend-main"
                    },
                    {
                      "k": "id",
                      "v": 1038064894.0
                    },
                    {
                      "k": "is_template",
                      "v": false
                    },
                    {
                      "k": "issue_comment_url",
                      "v": "https://api.github.com/repos/Ponkoog-roy/finch-frontend-main/issues/comments{/number}"
                    },
                    {
                      "k": "issue_events_url",
                      "v": "https://api.github.com/repos/Ponkoog-roy/finch-frontend-main/issues/events{/number}"
                    },
                    {
                      "k": "issues_url",
                      "v": "https://api.github.com/repos/Ponkoog-roy/finch-frontend-main/issues{/number}"
                    },
                    {
                      "k": "keys_url",
                      "v": "https://api.github.com/repos/Ponkoog-roy/finch-frontend-main/keys{/key_id}"
                    },
                    {
                      "k": "labels_url",
                      "v": "https://api.github.com/repos/Ponkoog-roy/finch-frontend-main/labels{/name}"
                    },
                    {
                      "k": "language",
                      "v": "Vue"
                    },
                    {
                      "k": "languages_url",
                      "v": "https://api.github.com/repos/Ponkoog-roy/finch-frontend-main/languages"
                    },
                    {
                      "k": "license",
                      "v": null
                    },
                    {
                      "k": "master_branch",
                      "v": "main"
                    },
                    {
                      "k": "merges_url",
                      "v": "https://api.github.com/repos/Ponkoog-roy/finch-frontend-main/merges"
                    },
                    {
                      "k": "milestones_url",
                      "v": "https://api.github.com/repos/Ponkoog-roy/finch-frontend-main/milestones{/number}"
                    },
                    {
                      "k": "mirror_url",
                      "v": null
                    },
                    {
                      "k": "name",
                      "v": "finch-frontend-main"
                    },
                    {
                      "k": "node_id",
                      "v": "R_kgDOPd-c_g"
                    },
                    {
                      "k": "notifications_url",
                      "v": "https://api.github.com/repos/Ponkoog-roy/finch-frontend-main/notifications{?since,all,participating}"
                    },
                    {
                      "k": "open_issues",
                      "v": 0.0
                    },
                    {
                      "k": "open_issues_count",
                      "v": 0.0
                    },
                    {
                      "k": "owner",
                      "v": {
                        "t": 2,
                        "d": [
                          {
                            "k": "avatar_url",
                            "v": "https://avatars.githubusercontent.com/u/126132052?v=4"
                          },
                          {
                            "k": "email",
                            "v": "126132052+Ponkoog-roy@users.noreply.github.com"
                          },
                          {
                            "k": "events_url",
                            "v": "https://api.github.com/users/Ponkoog-roy/events{/privacy}"
                          },
                          {
                            "k": "followers_url",
                            "v": "https://api.github.com/users/Ponkoog-roy/followers"
                          },
                          {
                            "k": "following_url",
                            "v": "https://api.github.com/users/Ponkoog-roy/following{/other_user}"
                          },
                          {
                            "k": "gists_url",
                            "v": "https://api.github.com/users/Ponkoog-roy/gists{/gist_id}"
                          },
                          {
                            "k": "gravatar_id",
                            "v": ""
                          },
                          {
                            "k": "html_url",
                            "v": "https://github.com/Ponkoog-roy"
                          },
                          {
                            "k": "id",
                            "v": 126132052.0
                          },
                          {
                            "k": "login",
                            "v": "Ponkoog-roy"
                          },
                          {
                            "k": "name",
                            "v": "Ponkoog-roy"
                          },
                          {
                            "k": "node_id",
                            "v": "U_kgDOB4SfVA"
                          },
                          {
                            "k": "organizations_url",
                            "v": "https://api.github.com/users/Ponkoog-roy/orgs"
                          },
                          {
                            "k": "received_events_url",
                            "v": "https://api.github.com/users/Ponkoog-roy/received_events"
                          },
                          {
                            "k": "repos_url",
                            "v": "https://api.github.com/users/Ponkoog-roy/repos"
                          },
                          {
                            "k": "site_admin",
                            "v": false
                          },
                          {
                            "k": "starred_url",
                            "v": "https://api.github.com/users/Ponkoog-roy/starred{/owner}{/repo}"
                          },
                          {
                            "k": "subscriptions_url",
                            "v": "https://api.github.com/users/Ponkoog-roy/subscriptions"
                          },
                          {
                            "k": "type",
                            "v": "User"
                          },
                          {
                            "k": "url",
                            "v": "https://api.github.com/users/Ponkoog-roy"
                          },
                          {
                            "k": "user_view_type",
                            "v": "public"
                          }
                        ]
                      }
                    },
                    {
                      "k": "private",
                      "v": false
                    },
                    {
                      "k": "pulls_url",
                      "v": "https://api.github.com/repos/Ponkoog-roy/finch-frontend-main/pulls{/number}"
                    },
                    {
                      "k": "pushed_at",
                      "v": 1755197811.0
                    },
                    {
                      "k": "releases_url",
                      "v": "https://api.github.com/repos/Ponkoog-roy/finch-frontend-main/releases{/id}"
                    },
                    {
                      "k": "size",
                      "v": 749.0
                    },
                    {
                      "k": "ssh_url",
                      "v": "git@github.com:Ponkoog-roy/finch-frontend-main.git"
                    },
                    {
                      "k": "stargazers",
                      "v": 0.0
                    },
                    {
                      "k": "stargazers_count",
                      "v": 0.0
                    },
                    {
                      "k": "stargazers_url",
                      "v": "https://api.github.com/repos/Ponkoog-roy/finch-frontend-main/stargazers"
                    },
                    {
                      "k": "statuses_url",
                      "v": "https://api.github.com/repos/Ponkoog-roy/finch-frontend-main/statuses/{sha}"
                    },
                    {
                      "k": "subscribers_url",
                      "v": "https://api.github.com/repos/Ponkoog-roy/finch-frontend-main/subscribers"
                    },
                    {
                      "k": "subscription_url",
                      "v": "https://api.github.com/repos/Ponkoog-roy/finch-frontend-main/subscription"
                    },
                    {
                      "k": "svn_url",
                      "v": "https://github.com/Ponkoog-roy/finch-frontend-main"
                    },
                    {
                      "k": "tags_url",
                      "v": "https://api.github.com/repos/Ponkoog-roy/finch-frontend-main/tags"
                    },
                    {
                      "k": "teams_url",
                      "v": "https://api.github.com/repos/Ponkoog-roy/finch-frontend-main/teams"
                    },
                    {
                      "k": "topics",
                      "v": {
                        "t": 1
                      }
                    },
                    {
                      "k": "trees_url",
                      "v": "https://api.github.com/repos/Ponkoog-roy/finch-frontend-main/git/trees{/sha}"
                    },
                    {
                      "k": "updated_at",
                      "v": "2025-08-14T18:08:46Z"
                    },
                    {
                      "k": "url",
                      "v": "https://api.github.com/repos/Ponkoog-roy/finch-frontend-main"
                    },
                    {
                      "k": "visibility",
                      "v": "public"
                    },
                    {
                      "k": "watchers",
                      "v": 0.0
                    },
                    {
                      "k": "watchers_count",
                      "v": 0.0
                    },
                    {
                      "k": "web_commit_signoff_required",
                      "v": false
                    }
                  ]
                }
              },
              {
                "k": "sender",
                "v": {
                  "t": 2,
                  "d": [
                    {
                      "k": "avatar_url",
                      "v": "https://avatars.githubusercontent.com/u/126132052?v=4"
                    },
                    {
                      "k": "events_url",
                      "v": "https://api.github.com/users/Ponkoog-roy/events{/privacy}"
                    },
                    {
                      "k": "followers_url",
                      "v": "https://api.github.com/users/Ponkoog-roy/followers"
                    },
                    {
                      "k": "following_url",
                      "v": "https://api.github.com/users/Ponkoog-roy/following{/other_user}"
                    },
                    {
                      "k": "gists_url",
                      "v": "https://api.github.com/users/Ponkoog-roy/gists{/gist_id}"
                    },
                    {
                      "k": "gravatar_id",
                      "v": ""
                    },
                    {
                      "k": "html_url",
                      "v": "https://github.com/Ponkoog-roy"
                    },
                    {
                      "k": "id",
                      "v": 126132052.0
                    },
                    {
                      "k": "login",
                      "v": "Ponkoog-roy"
                    },
                    {
                      "k": "node_id",
                      "v": "U_kgDOB4SfVA"
                    },
                    {
                      "k": "organizations_url",
                      "v": "https://api.github.com/users/Ponkoog-roy/orgs"
                    },
                    {
                      "k": "received_events_url",
                      "v": "https://api.github.com/users/Ponkoog-roy/received_events"
                    },
                    {
                      "k": "repos_url",
                      "v": "https://api.github.com/users/Ponkoog-roy/repos"
                    },
                    {
                      "k": "site_admin",
                      "v": false
                    },
                    {
                      "k": "starred_url",
                      "v": "https://api.github.com/users/Ponkoog-roy/starred{/owner}{/repo}"
                    },
                    {
                      "k": "subscriptions_url",
                      "v": "https://api.github.com/users/Ponkoog-roy/subscriptions"
                    },
                    {
                      "k": "type",
                      "v": "User"
                    },
                    {
                      "k": "url",
                      "v": "https://api.github.com/users/Ponkoog-roy"
                    },
                    {
                      "k": "user_view_type",
                      "v": "public"
                    }
                  ]
                }
              }
            ]
          }
        },
        {
          "k": "workflow_ref",
          "v": "Ponkoog-roy/finch-frontend-main/.github/workflows/deploy.yml@refs/heads/dev"
        },
        {
          "k": "workflow_sha",
          "v": "d97fa9345544154ecf6bb344abfdca8667f05961"
        },
        {
          "k": "repository_id",
          "v": "1038064894"
        },
        {
          "k": "triggering_actor",
          "v": "Ponkoog-roy"
        }
      ]
    },
    "inputs": {
      "t": 2
    },
    "matrix": null,
    "needs": {
      "t": 2
    },
    "strategy": {
      "t": 2,
      "d": [
        {
          "k": "fail-fast",
          "v": true
        },
        {
          "k": "job-index",
          "v": 0.0
        },
        {
          "k": "job-total",
          "v": 1.0
        },
        {
          "k": "max-parallel",
          "v": 1.0
        }
      ]
    },
    "vars": {
      "t": 2
    }
  },
  "billingOwnerId": "U_kgDOB4SfVA"
}
[2025-08-14 18:56:54Z INFO JobRunner] Job ID 4be5abba-52aa-5721-9ba3-f0e6e74c4771
[2025-08-14 18:56:54Z INFO ConfigurationStore] currentAssemblyLocation: C:\Users\brothers gadget\Desktop\finch-frontend-main\actions-runner\bin\Runner.Worker.dll
[2025-08-14 18:56:54Z INFO HostContext] Well known directory 'Bin': 'C:\Users\brothers gadget\Desktop\finch-frontend-main\actions-runner\bin'
[2025-08-14 18:56:54Z INFO ConfigurationStore] binPath: C:\Users\brothers gadget\Desktop\finch-frontend-main\actions-runner\bin
[2025-08-14 18:56:54Z INFO HostContext] Well known directory 'Bin': 'C:\Users\brothers gadget\Desktop\finch-frontend-main\actions-runner\bin'
[2025-08-14 18:56:54Z INFO HostContext] Well known directory 'Root': 'C:\Users\brothers gadget\Desktop\finch-frontend-main\actions-runner'
[2025-08-14 18:56:54Z INFO ConfigurationStore] RootFolder: C:\Users\brothers gadget\Desktop\finch-frontend-main\actions-runner
[2025-08-14 18:56:54Z INFO HostContext] Well known directory 'Bin': 'C:\Users\brothers gadget\Desktop\finch-frontend-main\actions-runner\bin'
[2025-08-14 18:56:54Z INFO HostContext] Well known directory 'Root': 'C:\Users\brothers gadget\Desktop\finch-frontend-main\actions-runner'
[2025-08-14 18:56:54Z INFO HostContext] Well known config file 'Runner': 'C:\Users\brothers gadget\Desktop\finch-frontend-main\actions-runner\.runner'
[2025-08-14 18:56:54Z INFO ConfigurationStore] ConfigFilePath: C:\Users\brothers gadget\Desktop\finch-frontend-main\actions-runner\.runner
[2025-08-14 18:56:54Z INFO HostContext] Well known directory 'Bin': 'C:\Users\brothers gadget\Desktop\finch-frontend-main\actions-runner\bin'
[2025-08-14 18:56:54Z INFO HostContext] Well known directory 'Root': 'C:\Users\brothers gadget\Desktop\finch-frontend-main\actions-runner'
[2025-08-14 18:56:54Z INFO HostContext] Well known config file 'MigratedRunner': 'C:\Users\brothers gadget\Desktop\finch-frontend-main\actions-runner\.runner_migrated'
[2025-08-14 18:56:54Z INFO ConfigurationStore] MigratedConfigFilePath: C:\Users\brothers gadget\Desktop\finch-frontend-main\actions-runner\.runner_migrated
[2025-08-14 18:56:54Z INFO HostContext] Well known directory 'Bin': 'C:\Users\brothers gadget\Desktop\finch-frontend-main\actions-runner\bin'
[2025-08-14 18:56:54Z INFO HostContext] Well known directory 'Root': 'C:\Users\brothers gadget\Desktop\finch-frontend-main\actions-runner'
[2025-08-14 18:56:54Z INFO HostContext] Well known config file 'Credentials': 'C:\Users\brothers gadget\Desktop\finch-frontend-main\actions-runner\.credentials'
[2025-08-14 18:56:54Z INFO ConfigurationStore] CredFilePath: C:\Users\brothers gadget\Desktop\finch-frontend-main\actions-runner\.credentials
[2025-08-14 18:56:54Z INFO HostContext] Well known directory 'Bin': 'C:\Users\brothers gadget\Desktop\finch-frontend-main\actions-runner\bin'
[2025-08-14 18:56:54Z INFO HostContext] Well known directory 'Root': 'C:\Users\brothers gadget\Desktop\finch-frontend-main\actions-runner'
[2025-08-14 18:56:54Z INFO HostContext] Well known config file 'MigratedCredentials': 'C:\Users\brothers gadget\Desktop\finch-frontend-main\actions-runner\.credentials_migrated'
[2025-08-14 18:56:54Z INFO ConfigurationStore] MigratedCredFilePath: C:\Users\brothers gadget\Desktop\finch-frontend-main\actions-runner\.credentials_migrated
[2025-08-14 18:56:54Z INFO HostContext] Well known directory 'Bin': 'C:\Users\brothers gadget\Desktop\finch-frontend-main\actions-runner\bin'
[2025-08-14 18:56:54Z INFO HostContext] Well known directory 'Root': 'C:\Users\brothers gadget\Desktop\finch-frontend-main\actions-runner'
[2025-08-14 18:56:54Z INFO HostContext] Well known config file 'Service': 'C:\Users\brothers gadget\Desktop\finch-frontend-main\actions-runner\.service'
[2025-08-14 18:56:54Z INFO ConfigurationStore] ServiceConfigFilePath: C:\Users\brothers gadget\Desktop\finch-frontend-main\actions-runner\.service
[2025-08-14 18:56:54Z INFO ConfigurationStore] Read setting file: 407 chars
[2025-08-14 18:56:54Z INFO JobRunner] Initializing launch client
[2025-08-14 18:56:54Z INFO JobServerQueue] Initializing results client
[2025-08-14 18:56:54Z INFO ResultServer] Creating websocket client ...wss://results-receiver.actions.githubusercontent.com/_ws/ingest.sock
[2025-08-14 18:56:54Z INFO ResultServer] Attempting to start websocket client with delay 00:00:00.
[2025-08-14 18:56:54Z INFO JobServerQueue] Start process web console line queue.
[2025-08-14 18:56:54Z INFO JobServerQueue] Start process file upload queue.
[2025-08-14 18:56:54Z INFO JobServerQueue] Start results file upload queue.
[2025-08-14 18:56:54Z INFO JobServerQueue] Starting results-based upload queue...
[2025-08-14 18:56:54Z INFO JobServerQueue] Start process timeline update queue.
[2025-08-14 18:56:54Z INFO ExecutionContext] Initializing Job context
[2025-08-14 18:56:54Z INFO ExecutionContext] Initialize GitHub context
[2025-08-14 18:56:54Z INFO ExecutionContext] Initialize Env context
[2025-08-14 18:56:54Z INFO HostContext] Well known directory 'Bin': 'C:\Users\brothers gadget\Desktop\finch-frontend-main\actions-runner\bin'
[2025-08-14 18:56:54Z INFO HostContext] Well known directory 'Root': 'C:\Users\brothers gadget\Desktop\finch-frontend-main\actions-runner'
[2025-08-14 18:56:54Z INFO HostContext] Well known directory 'Diag': 'C:\Users\brothers gadget\Desktop\finch-frontend-main\actions-runner\_diag'
[2025-08-14 18:56:54Z INFO HostContext] Well known directory 'Bin': 'C:\Users\brothers gadget\Desktop\finch-frontend-main\actions-runner\bin'
[2025-08-14 18:56:54Z INFO HostContext] Well known directory 'Root': 'C:\Users\brothers gadget\Desktop\finch-frontend-main\actions-runner'
[2025-08-14 18:56:54Z INFO HostContext] Well known directory 'Diag': 'C:\Users\brothers gadget\Desktop\finch-frontend-main\actions-runner\_diag'
[2025-08-14 18:56:54Z INFO JobRunner] Starting the job execution context.
[2025-08-14 18:56:54Z INFO HostContext] Well known directory 'Bin': 'C:\Users\brothers gadget\Desktop\finch-frontend-main\actions-runner\bin'
[2025-08-14 18:56:54Z INFO HostContext] Well known directory 'Root': 'C:\Users\brothers gadget\Desktop\finch-frontend-main\actions-runner'
[2025-08-14 18:56:54Z INFO HostContext] Well known directory 'Work': 'C:\Users\brothers gadget\Desktop\finch-frontend-main\actions-runner\_work'
[2025-08-14 18:56:54Z INFO JobRunner] Validating directory permissions for: 'C:\Users\brothers gadget\Desktop\finch-frontend-main\actions-runner\_work'
[2025-08-14 18:56:54Z INFO HostContext] Well known directory 'Bin': 'C:\Users\brothers gadget\Desktop\finch-frontend-main\actions-runner\bin'
[2025-08-14 18:56:54Z INFO HostContext] Well known directory 'Root': 'C:\Users\brothers gadget\Desktop\finch-frontend-main\actions-runner'
[2025-08-14 18:56:54Z INFO HostContext] Well known directory 'Work': 'C:\Users\brothers gadget\Desktop\finch-frontend-main\actions-runner\_work'
[2025-08-14 18:56:54Z INFO HostContext] Well known directory 'Tools': 'C:\Users\brothers gadget\Desktop\finch-frontend-main\actions-runner\_work\_tool'
[2025-08-14 18:56:54Z INFO HostContext] Well known directory 'Bin': 'C:\Users\brothers gadget\Desktop\finch-frontend-main\actions-runner\bin'
[2025-08-14 18:56:54Z INFO HostContext] Well known directory 'Root': 'C:\Users\brothers gadget\Desktop\finch-frontend-main\actions-runner'
[2025-08-14 18:56:54Z INFO HostContext] Well known directory 'Work': 'C:\Users\brothers gadget\Desktop\finch-frontend-main\actions-runner\_work'
[2025-08-14 18:56:54Z INFO HostContext] Well known directory 'Temp': 'C:\Users\brothers gadget\Desktop\finch-frontend-main\actions-runner\_work\_temp'
[2025-08-14 18:56:54Z INFO JobRunner] Getting job extension.
[2025-08-14 18:56:54Z INFO JobRunner] Initialize job. Getting all job steps.
[2025-08-14 18:56:54Z INFO HostContext] Well known directory 'Bin': 'C:\Users\brothers gadget\Desktop\finch-frontend-main\actions-runner\bin'
[2025-08-14 18:56:54Z INFO HostContext] Well known directory 'Root': 'C:\Users\brothers gadget\Desktop\finch-frontend-main\actions-runner'
[2025-08-14 18:56:54Z INFO HostContext] Well known directory 'Diag': 'C:\Users\brothers gadget\Desktop\finch-frontend-main\actions-runner\_diag'
[2025-08-14 18:56:54Z INFO HostContext] Well known directory 'Bin': 'C:\Users\brothers gadget\Desktop\finch-frontend-main\actions-runner\bin'
[2025-08-14 18:56:54Z INFO HostContext] Well known directory 'Root': 'C:\Users\brothers gadget\Desktop\finch-frontend-main\actions-runner'
[2025-08-14 18:56:54Z INFO HostContext] Well known directory 'Diag': 'C:\Users\brothers gadget\Desktop\finch-frontend-main\actions-runner\_diag'
[2025-08-14 18:56:54Z INFO HostContext] Well known directory 'Bin': 'C:\Users\brothers gadget\Desktop\finch-frontend-main\actions-runner\bin'
[2025-08-14 18:56:54Z INFO HostContext] Well known directory 'Root': 'C:\Users\brothers gadget\Desktop\finch-frontend-main\actions-runner'
[2025-08-14 18:56:54Z INFO HostContext] Well known config file 'Credentials': 'C:\Users\brothers gadget\Desktop\finch-frontend-main\actions-runner\.credentials'
[2025-08-14 18:56:54Z INFO HostContext] Well known directory 'Bin': 'C:\Users\brothers gadget\Desktop\finch-frontend-main\actions-runner\bin'
[2025-08-14 18:56:54Z INFO HostContext] Well known directory 'Root': 'C:\Users\brothers gadget\Desktop\finch-frontend-main\actions-runner'
[2025-08-14 18:56:54Z INFO HostContext] Well known config file 'SetupInfo': 'C:\Users\brothers gadget\Desktop\finch-frontend-main\actions-runner\.setup_info'
[2025-08-14 18:56:54Z INFO HostContext] Well known directory 'Bin': 'C:\Users\brothers gadget\Desktop\finch-frontend-main\actions-runner\bin'
[2025-08-14 18:56:54Z INFO HostContext] Well known directory 'Root': 'C:\Users\brothers gadget\Desktop\finch-frontend-main\actions-runner'
[2025-08-14 18:56:54Z INFO HostContext] Well known directory 'Work': 'C:\Users\brothers gadget\Desktop\finch-frontend-main\actions-runner\_work'
[2025-08-14 18:56:54Z INFO PipelineDirectoryManager] Loading tracking config if exists: C:\Users\brothers gadget\Desktop\finch-frontend-main\actions-runner\_work\_PipelineMapping\Ponkoog-roy/finch-frontend-main\PipelineFolder.json
[2025-08-14 18:56:54Z INFO PipelineDirectoryManager] Creating a new tracking config file.
[2025-08-14 18:56:54Z INFO HostContext] Well known directory 'Bin': 'C:\Users\brothers gadget\Desktop\finch-frontend-main\actions-runner\bin'
[2025-08-14 18:56:54Z INFO HostContext] Well known directory 'Root': 'C:\Users\brothers gadget\Desktop\finch-frontend-main\actions-runner'
[2025-08-14 18:56:54Z INFO HostContext] Well known directory 'Work': 'C:\Users\brothers gadget\Desktop\finch-frontend-main\actions-runner\_work'
[2025-08-14 18:56:54Z INFO PipelineDirectoryManager] Creating pipeline directory.
[2025-08-14 18:56:54Z INFO HostContext] Well known directory 'Bin': 'C:\Users\brothers gadget\Desktop\finch-frontend-main\actions-runner\bin'
[2025-08-14 18:56:54Z INFO HostContext] Well known directory 'Root': 'C:\Users\brothers gadget\Desktop\finch-frontend-main\actions-runner'
[2025-08-14 18:56:54Z INFO HostContext] Well known directory 'Work': 'C:\Users\brothers gadget\Desktop\finch-frontend-main\actions-runner\_work'
[2025-08-14 18:56:54Z INFO PipelineDirectoryManager] Creating workspace directory.
[2025-08-14 18:56:54Z INFO HostContext] Well known directory 'Bin': 'C:\Users\brothers gadget\Desktop\finch-frontend-main\actions-runner\bin'
[2025-08-14 18:56:54Z INFO HostContext] Well known directory 'Root': 'C:\Users\brothers gadget\Desktop\finch-frontend-main\actions-runner'
[2025-08-14 18:56:54Z INFO HostContext] Well known directory 'Work': 'C:\Users\brothers gadget\Desktop\finch-frontend-main\actions-runner\_work'
[2025-08-14 18:56:54Z INFO JobExtension] Downloading actions
[2025-08-14 18:56:54Z INFO HostContext] Well known directory 'Bin': 'C:\Users\brothers gadget\Desktop\finch-frontend-main\actions-runner\bin'
[2025-08-14 18:56:54Z INFO HostContext] Well known directory 'Root': 'C:\Users\brothers gadget\Desktop\finch-frontend-main\actions-runner'
[2025-08-14 18:56:54Z INFO HostContext] Well known directory 'Work': 'C:\Users\brothers gadget\Desktop\finch-frontend-main\actions-runner\_work'
[2025-08-14 18:56:54Z INFO HostContext] Well known directory 'Actions': 'C:\Users\brothers gadget\Desktop\finch-frontend-main\actions-runner\_work\_actions'
[2025-08-14 18:56:54Z INFO JobExtension] Adding .
[2025-08-14 18:56:54Z INFO JobExtension] Adding .
[2025-08-14 18:56:54Z INFO HostContext] Well known directory 'Bin': 'C:\Users\brothers gadget\Desktop\finch-frontend-main\actions-runner\bin'
[2025-08-14 18:56:54Z INFO HostContext] Well known directory 'Root': 'C:\Users\brothers gadget\Desktop\finch-frontend-main\actions-runner'
[2025-08-14 18:56:54Z INFO HostContext] Well known directory 'Diag': 'C:\Users\brothers gadget\Desktop\finch-frontend-main\actions-runner\_diag'
[2025-08-14 18:56:54Z INFO HostContext] Well known directory 'Bin': 'C:\Users\brothers gadget\Desktop\finch-frontend-main\actions-runner\bin'
[2025-08-14 18:56:54Z INFO HostContext] Well known directory 'Root': 'C:\Users\brothers gadget\Desktop\finch-frontend-main\actions-runner'
[2025-08-14 18:56:54Z INFO HostContext] Well known directory 'Diag': 'C:\Users\brothers gadget\Desktop\finch-frontend-main\actions-runner\_diag'
[2025-08-14 18:56:54Z INFO HostContext] Well known directory 'Bin': 'C:\Users\brothers gadget\Desktop\finch-frontend-main\actions-runner\bin'
[2025-08-14 18:56:54Z INFO HostContext] Well known directory 'Root': 'C:\Users\brothers gadget\Desktop\finch-frontend-main\actions-runner'
[2025-08-14 18:56:54Z INFO HostContext] Well known directory 'Diag': 'C:\Users\brothers gadget\Desktop\finch-frontend-main\actions-runner\_diag'
[2025-08-14 18:56:54Z INFO HostContext] Well known directory 'Bin': 'C:\Users\brothers gadget\Desktop\finch-frontend-main\actions-runner\bin'
[2025-08-14 18:56:54Z INFO HostContext] Well known directory 'Root': 'C:\Users\brothers gadget\Desktop\finch-frontend-main\actions-runner'
[2025-08-14 18:56:54Z INFO HostContext] Well known directory 'Diag': 'C:\Users\brothers gadget\Desktop\finch-frontend-main\actions-runner\_diag'
[2025-08-14 18:56:54Z INFO JobExtension] Total accessible running process: 330.
[2025-08-14 18:56:54Z INFO HostContext] Well known directory 'Bin': 'C:\Users\brothers gadget\Desktop\finch-frontend-main\actions-runner\bin'
[2025-08-14 18:56:54Z INFO HostContext] Well known directory 'Root': 'C:\Users\brothers gadget\Desktop\finch-frontend-main\actions-runner'
[2025-08-14 18:56:54Z INFO HostContext] Well known directory 'Work': 'C:\Users\brothers gadget\Desktop\finch-frontend-main\actions-runner\_work'
[2025-08-14 18:56:54Z INFO JobExtension] Start checking service connectivity in background.
[2025-08-14 18:56:54Z INFO ExecutionContext] Publish step telemetry for current step {
  "action": "setup_job",
  "type": "runner",
  "stage": "Pre",
  "stepId": "d259f3c1-6b3a-4382-8532-d13f783af83e",
  "result": "succeeded",
  "errorMessages": [],
  "executionTimeInSeconds": 1,
  "startTime": "2025-08-14T18:56:54.2512582Z",
  "finishTime": "2025-08-14T18:56:54.3503272Z"
}.
[2025-08-14 18:56:54Z INFO JobRunner] Total job steps: 2.
[2025-08-14 18:56:54Z INFO JobRunner] Run all job steps.
[2025-08-14 18:56:54Z INFO StepsRunner] Processing step: DisplayName='Set up Docker Compose'
[2025-08-14 18:56:54Z INFO StepsRunner] Evaluating: success()
[2025-08-14 18:56:54Z INFO StepsRunner] Result: true
[2025-08-14 18:56:54Z INFO StepsRunner] Starting the step.
[2025-08-14 18:56:54Z INFO HostContext] Well known directory 'Bin': 'C:\Users\brothers gadget\Desktop\finch-frontend-main\actions-runner\bin'
[2025-08-14 18:56:54Z INFO HostContext] Well known directory 'Root': 'C:\Users\brothers gadget\Desktop\finch-frontend-main\actions-runner'
[2025-08-14 18:56:54Z INFO HostContext] Well known directory 'Work': 'C:\Users\brothers gadget\Desktop\finch-frontend-main\actions-runner\_work'
[2025-08-14 18:56:54Z INFO StepsRunner] Which2: 'chcp'
[2025-08-14 18:56:54Z INFO StepsRunner] Location: 'C:\WINDOWS\system32\chcp.COM'
[2025-08-14 18:56:54Z INFO ProcessInvokerWrapper] Starting process:
[2025-08-14 18:56:54Z INFO ProcessInvokerWrapper]   File name: 'C:\WINDOWS\system32\chcp.COM'
[2025-08-14 18:56:54Z INFO ProcessInvokerWrapper]   Arguments: '65001'
[2025-08-14 18:56:54Z INFO ProcessInvokerWrapper]   Working directory: 'C:\Users\brothers gadget\Desktop\finch-frontend-main\actions-runner\_work'
[2025-08-14 18:56:54Z INFO ProcessInvokerWrapper]   Require exit code zero: 'False'
[2025-08-14 18:56:54Z INFO ProcessInvokerWrapper]   Encoding web name:  ; code page: ''
[2025-08-14 18:56:54Z INFO ProcessInvokerWrapper]   Force kill process on cancellation: 'False'
[2025-08-14 18:56:54Z INFO ProcessInvokerWrapper]   Redirected STDIN: 'False'
[2025-08-14 18:56:54Z INFO ProcessInvokerWrapper]   Persist current code page: 'True'
[2025-08-14 18:56:54Z INFO ProcessInvokerWrapper]   Keep redirected STDIN open: 'False'
[2025-08-14 18:56:54Z INFO ProcessInvokerWrapper]   High priority process: 'False'
[2025-08-14 18:56:54Z INFO ProcessInvokerWrapper] Process started with process id 12528, waiting for process exit.
[2025-08-14 18:56:54Z INFO Worker] Listening for cancel message from the channel.
[2025-08-14 18:56:54Z INFO Worker] Waiting for the job to complete or for a cancel message from the channel.
[2025-08-14 18:56:54Z INFO ProcessInvokerWrapper] STDOUT/STDERR stream read finished.
[2025-08-14 18:56:54Z INFO ProcessInvokerWrapper] STDOUT/STDERR stream read finished.
[2025-08-14 18:56:54Z INFO ProcessInvokerWrapper] Finished process 12528 with exit code 0, and elapsed time 00:00:00.0200244.
[2025-08-14 18:56:54Z INFO StepsRunner] Successfully returned to code page 65001 (UTF8)
[2025-08-14 18:56:54Z INFO HostContext] Well known directory 'Bin': 'C:\Users\brothers gadget\Desktop\finch-frontend-main\actions-runner\bin'
[2025-08-14 18:56:54Z INFO HostContext] Well known directory 'Root': 'C:\Users\brothers gadget\Desktop\finch-frontend-main\actions-runner'
[2025-08-14 18:56:54Z INFO HostContext] Well known directory 'Work': 'C:\Users\brothers gadget\Desktop\finch-frontend-main\actions-runner\_work'
[2025-08-14 18:56:54Z INFO HostContext] Well known directory 'Temp': 'C:\Users\brothers gadget\Desktop\finch-frontend-main\actions-runner\_work\_temp'
[2025-08-14 18:56:54Z INFO ExecutionContext] Write event payload to C:\Users\brothers gadget\Desktop\finch-frontend-main\actions-runner\_work\_temp\_github_workflow\event.json
[2025-08-14 18:56:54Z INFO HostContext] Well known directory 'Bin': 'C:\Users\brothers gadget\Desktop\finch-frontend-main\actions-runner\bin'
[2025-08-14 18:56:54Z INFO HostContext] Well known directory 'Root': 'C:\Users\brothers gadget\Desktop\finch-frontend-main\actions-runner'
[2025-08-14 18:56:54Z INFO HostContext] Well known directory 'Work': 'C:\Users\brothers gadget\Desktop\finch-frontend-main\actions-runner\_work'
[2025-08-14 18:56:54Z INFO HostContext] Well known directory 'Temp': 'C:\Users\brothers gadget\Desktop\finch-frontend-main\actions-runner\_work\_temp'
[2025-08-14 18:56:54Z INFO ExtensionManager] Getting extensions for interface: 'GitHub.Runner.Worker.IFileCommandExtension'
[2025-08-14 18:56:54Z INFO ExtensionManager] Creating instance: GitHub.Runner.Worker.AddPathFileCommand, Runner.Worker
[2025-08-14 18:56:54Z INFO ExtensionManager] Creating instance: GitHub.Runner.Worker.SetEnvFileCommand, Runner.Worker
[2025-08-14 18:56:54Z INFO ExtensionManager] Creating instance: GitHub.Runner.Worker.CreateStepSummaryCommand, Runner.Worker
[2025-08-14 18:56:54Z INFO ExtensionManager] Creating instance: GitHub.Runner.Worker.SaveStateFileCommand, Runner.Worker
[2025-08-14 18:56:54Z INFO ExtensionManager] Creating instance: GitHub.Runner.Worker.SetOutputFileCommand, Runner.Worker
[2025-08-14 18:56:54Z INFO ExtensionManager] Getting extensions for interface: 'GitHub.Runner.Worker.IActionCommandExtension'
[2025-08-14 18:56:54Z INFO ExtensionManager] Creating instance: GitHub.Runner.Worker.InternalPluginSetRepoPathCommandExtension, Runner.Worker
[2025-08-14 18:56:54Z INFO ExtensionManager] Creating instance: GitHub.Runner.Worker.SetEnvCommandExtension, Runner.Worker
[2025-08-14 18:56:54Z INFO ExtensionManager] Creating instance: GitHub.Runner.Worker.SetOutputCommandExtension, Runner.Worker
[2025-08-14 18:56:54Z INFO ExtensionManager] Creating instance: GitHub.Runner.Worker.SaveStateCommandExtension, Runner.Worker
[2025-08-14 18:56:54Z INFO ExtensionManager] Creating instance: GitHub.Runner.Worker.AddPathCommandExtension, Runner.Worker
[2025-08-14 18:56:54Z INFO ExtensionManager] Creating instance: GitHub.Runner.Worker.AddMaskCommandExtension, Runner.Worker
[2025-08-14 18:56:54Z INFO ExtensionManager] Creating instance: GitHub.Runner.Worker.AddMatcherCommandExtension, Runner.Worker
[2025-08-14 18:56:54Z INFO ExtensionManager] Creating instance: GitHub.Runner.Worker.RemoveMatcherCommandExtension, Runner.Worker
[2025-08-14 18:56:54Z INFO ExtensionManager] Creating instance: GitHub.Runner.Worker.WarningCommandExtension, Runner.Worker
[2025-08-14 18:56:54Z INFO ExtensionManager] Creating instance: GitHub.Runner.Worker.ErrorCommandExtension, Runner.Worker
[2025-08-14 18:56:54Z INFO ExtensionManager] Creating instance: GitHub.Runner.Worker.NoticeCommandExtension, Runner.Worker
[2025-08-14 18:56:54Z INFO ExtensionManager] Creating instance: GitHub.Runner.Worker.DebugCommandExtension, Runner.Worker
[2025-08-14 18:56:54Z INFO ExtensionManager] Creating instance: GitHub.Runner.Worker.GroupCommandExtension, Runner.Worker
[2025-08-14 18:56:54Z INFO ExtensionManager] Creating instance: GitHub.Runner.Worker.EndGroupCommandExtension, Runner.Worker
[2025-08-14 18:56:54Z INFO ExtensionManager] Creating instance: GitHub.Runner.Worker.EchoCommandExtension, Runner.Worker
[2025-08-14 18:56:54Z INFO ActionCommandManager] Register action command extension for command internal-set-repo-path
[2025-08-14 18:56:54Z INFO ActionCommandManager] Register action command extension for command set-env
[2025-08-14 18:56:54Z INFO ActionCommandManager] Register action command extension for command set-output
[2025-08-14 18:56:54Z INFO ActionCommandManager] Register action command extension for command save-state
[2025-08-14 18:56:54Z INFO ActionCommandManager] Register action command extension for command add-path
[2025-08-14 18:56:54Z INFO ActionCommandManager] Register action command extension for command add-mask
[2025-08-14 18:56:54Z INFO ActionCommandManager] Register action command extension for command add-matcher
[2025-08-14 18:56:54Z INFO ActionCommandManager] Register action command extension for command remove-matcher
[2025-08-14 18:56:54Z INFO ActionCommandManager] Register action command extension for command warning
[2025-08-14 18:56:54Z INFO ActionCommandManager] Register action command extension for command error
[2025-08-14 18:56:54Z INFO ActionCommandManager] Register action command extension for command notice
[2025-08-14 18:56:54Z INFO ActionCommandManager] Register action command extension for command debug
[2025-08-14 18:56:54Z INFO ActionCommandManager] Register action command extension for command group
[2025-08-14 18:56:54Z INFO ActionCommandManager] Register action command extension for command endgroup
[2025-08-14 18:56:54Z INFO ActionCommandManager] Register action command extension for command echo
[2025-08-14 18:56:54Z INFO ScriptHandler] Which2: 'pwsh'
[2025-08-14 18:56:54Z INFO ScriptHandler] pwsh: command not found. Make sure 'pwsh' is installed and its location included in the 'Path' environment variable.
[2025-08-14 18:56:54Z INFO ScriptHandler] Defaulting to powershell
[2025-08-14 18:56:54Z INFO ScriptHandler] Which2: 'powershell'
[2025-08-14 18:56:54Z INFO ScriptHandler] Location: 'C:\WINDOWS\System32\WindowsPowerShell\v1.0\powershell.EXE'
[2025-08-14 18:56:54Z INFO HostContext] Well known directory 'Bin': 'C:\Users\brothers gadget\Desktop\finch-frontend-main\actions-runner\bin'
[2025-08-14 18:56:54Z INFO HostContext] Well known directory 'Root': 'C:\Users\brothers gadget\Desktop\finch-frontend-main\actions-runner'
[2025-08-14 18:56:54Z INFO HostContext] Well known directory 'Work': 'C:\Users\brothers gadget\Desktop\finch-frontend-main\actions-runner\_work'
[2025-08-14 18:56:54Z INFO HostContext] Well known directory 'Temp': 'C:\Users\brothers gadget\Desktop\finch-frontend-main\actions-runner\_work\_temp'
[2025-08-14 18:56:54Z INFO ScriptHandler] Which2: 'pwsh'
[2025-08-14 18:56:54Z INFO ScriptHandler] pwsh: command not found. Make sure 'pwsh' is installed and its location included in the 'Path' environment variable.
[2025-08-14 18:56:54Z INFO ScriptHandler] Defaulting to powershell
[2025-08-14 18:56:54Z INFO ScriptHandler] Which2: 'powershell'
[2025-08-14 18:56:54Z INFO ScriptHandler] Location: 'C:\WINDOWS\System32\WindowsPowerShell\v1.0\powershell.EXE'
[2025-08-14 18:56:54Z INFO ProcessInvokerWrapper] Starting process:
[2025-08-14 18:56:54Z INFO ProcessInvokerWrapper]   File name: 'C:\WINDOWS\System32\WindowsPowerShell\v1.0\powershell.EXE'
[2025-08-14 18:56:54Z INFO ProcessInvokerWrapper]   Arguments: '-command ". 'C:\Users\brothers gadget\Desktop\finch-frontend-main\actions-runner\_work\_temp\c1c69574-8e07-4c28-bd50-56c22caecece.ps1'"'
[2025-08-14 18:56:54Z INFO ProcessInvokerWrapper]   Working directory: 'C:\Users\brothers gadget\Desktop\finch-frontend-main\actions-runner\_work\finch-frontend-main\finch-frontend-main'
[2025-08-14 18:56:54Z INFO ProcessInvokerWrapper]   Require exit code zero: 'False'
[2025-08-14 18:56:54Z INFO ProcessInvokerWrapper]   Encoding web name:  ; code page: ''
[2025-08-14 18:56:54Z INFO ProcessInvokerWrapper]   Force kill process on cancellation: 'False'
[2025-08-14 18:56:54Z INFO ProcessInvokerWrapper]   Redirected STDIN: 'False'
[2025-08-14 18:56:54Z INFO ProcessInvokerWrapper]   Persist current code page: 'True'
[2025-08-14 18:56:54Z INFO ProcessInvokerWrapper]   Keep redirected STDIN open: 'False'
[2025-08-14 18:56:54Z INFO ProcessInvokerWrapper]   High priority process: 'False'
[2025-08-14 18:56:54Z INFO ProcessInvokerWrapper] Process started with process id 8892, waiting for process exit.
[2025-08-14 18:56:54Z INFO ProcessInvokerWrapper] STDOUT/STDERR stream read finished.
[2025-08-14 18:56:54Z INFO ProcessInvokerWrapper] STDOUT/STDERR stream read finished.
[2025-08-14 18:56:54Z INFO ProcessInvokerWrapper] Finished process 8892 with exit code 1, and elapsed time 00:00:00.4850113.
[2025-08-14 18:56:55Z INFO CreateStepSummaryCommand] Step Summary file (C:\Users\brothers gadget\Desktop\finch-frontend-main\actions-runner\_work\_temp\_runner_file_commands\step_summary_278bd0ce-42a3-4878-980e-614f2c7c8a96) is empty; skipping attachment upload
[2025-08-14 18:56:55Z INFO StepsRunner] Step result: Failed
[2025-08-14 18:56:55Z INFO ExecutionContext] Publish step telemetry for current step {
  "action": "powershell",
  "type": "run",
  "stage": "Main",
  "stepId": "3cb213e6-1705-4d8e-b825-4a4709a7687e",
  "stepContextName": "__run",
  "result": "failed",
  "errorMessages": [
    "Process completed with exit code 1."
  ],
  "executionTimeInSeconds": 1,
  "startTime": "2025-08-14T18:56:54.3677654Z",
  "finishTime": "2025-08-14T18:56:55.0038321Z"
}.
[2025-08-14 18:56:55Z INFO StepsRunner] Update job result with current step result 'Failed'.
[2025-08-14 18:56:55Z INFO StepsRunner] Current state: job state = 'Failed'
[2025-08-14 18:56:55Z INFO StepsRunner] Processing step: DisplayName='Checking out code'
[2025-08-14 18:56:55Z INFO StepsRunner] Evaluating: success()
[2025-08-14 18:56:55Z INFO StepsRunner] Result: false
[2025-08-14 18:56:55Z INFO StepsRunner] Skipping step due to condition evaluation.
[2025-08-14 18:56:55Z INFO StepsRunner] No need for updating job result with current step result 'Skipped'.
[2025-08-14 18:56:55Z INFO StepsRunner] Current state: job state = 'Failed'
[2025-08-14 18:56:55Z INFO JobRunner] Finalize job.
[2025-08-14 18:56:55Z INFO HostContext] Well known directory 'Bin': 'C:\Users\brothers gadget\Desktop\finch-frontend-main\actions-runner\bin'
[2025-08-14 18:56:55Z INFO HostContext] Well known directory 'Root': 'C:\Users\brothers gadget\Desktop\finch-frontend-main\actions-runner'
[2025-08-14 18:56:55Z INFO HostContext] Well known directory 'Diag': 'C:\Users\brothers gadget\Desktop\finch-frontend-main\actions-runner\_diag'
[2025-08-14 18:56:55Z INFO HostContext] Well known directory 'Bin': 'C:\Users\brothers gadget\Desktop\finch-frontend-main\actions-runner\bin'
[2025-08-14 18:56:55Z INFO HostContext] Well known directory 'Root': 'C:\Users\brothers gadget\Desktop\finch-frontend-main\actions-runner'
[2025-08-14 18:56:55Z INFO HostContext] Well known directory 'Diag': 'C:\Users\brothers gadget\Desktop\finch-frontend-main\actions-runner\_diag'
[2025-08-14 18:56:55Z INFO JobExtension] Initialize Env context
[2025-08-14 18:56:55Z INFO JobExtension] Initialize steps context
[2025-08-14 18:56:55Z INFO JobExtension] Total accessible running process: 330.
[2025-08-14 18:56:55Z INFO ExecutionContext] Publish step telemetry for current step {
  "action": "complete_job",
  "type": "runner",
  "stage": "Post",
  "stepId": "ce8e8c2b-a426-47a7-9806-2cde050c7428",
  "result": "succeeded",
  "errorMessages": [],
  "executionTimeInSeconds": 1,
  "startTime": "2025-08-14T18:56:55.0177714Z",
  "finishTime": "2025-08-14T18:56:55.0490217Z"
}.
[2025-08-14 18:56:55Z INFO JobRunner] Job result after all job steps finish: Failed
[2025-08-14 18:56:55Z INFO JobRunner] Completing the job execution context.
[2025-08-14 18:56:55Z INFO JobRunner] Shutting down the job server queue.
[2025-08-14 18:56:55Z INFO JobServerQueue] Fire signal to shutdown all queues.
[2025-08-14 18:56:55Z INFO ResultServer] Successfully started websocket client.
[2025-08-14 18:56:55Z INFO JobServerQueue] Try to append 1 batches web console lines for record 'd259f3c1-6b3a-4382-8532-d13f783af83e', success rate: 1/1.
[2025-08-14 18:56:55Z INFO JobServerQueue] Job timeline record has been updated for the first time.
[2025-08-14 18:56:56Z INFO JobServerQueue] All queue process task stopped.
[2025-08-14 18:56:56Z INFO JobServerQueue] Try to append 1 batches web console lines for record '3cb213e6-1705-4d8e-b825-4a4709a7687e', success rate: 1/1.
[2025-08-14 18:56:56Z INFO JobServerQueue] Try to append 1 batches web console lines for record 'ce8e8c2b-a426-47a7-9806-2cde050c7428', success rate: 1/1.
[2025-08-14 18:56:56Z INFO JobServerQueue] Web console line queue drained.
[2025-08-14 18:56:56Z INFO JobServerQueue] Uploading 4 files in one shot.
[2025-08-14 18:56:56Z INFO JobServerQueue] Try to upload 4 log files or attachments, success rate: 4/4.
[2025-08-14 18:56:56Z INFO JobServerQueue] File upload queue drained.
[2025-08-14 18:56:56Z INFO JobServerQueue] Starting results-based upload queue...
[2025-08-14 18:56:56Z INFO JobServerQueue] Uploading 4 file(s) in one shot through results service.
[2025-08-14 18:56:56Z INFO JobServerQueue] Got a step log file to send to results service.
[2025-08-14 18:56:56Z INFO JobServerQueue] Starting upload of step log file to results service ResultsLog, C:\Users\brothers gadget\Desktop\finch-frontend-main\actions-runner\_diag\blocks\dfa459d0-4acd-47f3-98cd-8f7999a75897_d259f3c1-6b3a-4382-8532-d13f783af83e.1
[2025-08-14 18:56:57Z INFO JobServerQueue] Got a step log file to send to results service.
[2025-08-14 18:56:57Z INFO JobServerQueue] Starting upload of step log file to results service ResultsLog, C:\Users\brothers gadget\Desktop\finch-frontend-main\actions-runner\_diag\blocks\dfa459d0-4acd-47f3-98cd-8f7999a75897_3cb213e6-1705-4d8e-b825-4a4709a7687e.1
[2025-08-14 18:56:58Z INFO JobServerQueue] Got a step log file to send to results service.
[2025-08-14 18:56:58Z INFO JobServerQueue] Starting upload of step log file to results service ResultsLog, C:\Users\brothers gadget\Desktop\finch-frontend-main\actions-runner\_diag\blocks\dfa459d0-4acd-47f3-98cd-8f7999a75897_ce8e8c2b-a426-47a7-9806-2cde050c7428.1
[2025-08-14 18:56:59Z INFO JobServerQueue] Got a job log file to send to results service.
[2025-08-14 18:56:59Z INFO JobServerQueue] Starting upload of job log file to results service ResultsLog, C:\Users\brothers gadget\Desktop\finch-frontend-main\actions-runner\_diag\blocks\dfa459d0-4acd-47f3-98cd-8f7999a75897_4be5abba-52aa-5721-9ba3-f0e6e74c4771.1
[2025-08-14 18:57:00Z INFO JobServerQueue] Tried to upload 4 file(s) to results, success rate: 4/4.
[2025-08-14 18:57:00Z INFO JobServerQueue] Results upload queue drained.
[2025-08-14 18:57:01Z INFO JobServerQueue] Timeline update queue drained.
[2025-08-14 18:57:01Z INFO JobServerQueue] Disposing job server ...
[2025-08-14 18:57:01Z INFO JobServerQueue] Disposing results server ...
[2025-08-14 18:57:01Z INFO JobServerQueue] All queue process tasks have been stopped, and all queues are drained.
[2025-08-14 18:57:01Z INFO TempDirectoryManager] Cleaning runner temp folder: C:\Users\brothers gadget\Desktop\finch-frontend-main\actions-runner\_work\_temp
[2025-08-14 18:57:01Z INFO HostContext] Well known directory 'Bin': 'C:\Users\brothers gadget\Desktop\finch-frontend-main\actions-runner\bin'
[2025-08-14 18:57:01Z INFO HostContext] Well known directory 'Root': 'C:\Users\brothers gadget\Desktop\finch-frontend-main\actions-runner'
[2025-08-14 18:57:01Z INFO HostContext] Well known directory 'Diag': 'C:\Users\brothers gadget\Desktop\finch-frontend-main\actions-runner\_diag'
[2025-08-14 18:57:01Z INFO HostContext] Well known config file 'Telemetry': 'C:\Users\brothers gadget\Desktop\finch-frontend-main\actions-runner\_diag\.telemetry'
[2025-08-14 18:57:01Z INFO JobRunner] Raising job completed against run service
[2025-08-14 18:57:01Z INFO Worker] Job completed.
